Change Component Comment : Designator=C1 Old Comment=Конденсатор 22пФ New Comment=Конденсатор22пФ
Change Component Comment : Designator=ZQ1 Old Comment=Резонатор16Мгц New Comment=РезонаторHC-49SM 16 Мгц
Change component parameters: Designator = "R5"; Footprint = "R0603"; UniqueID = "\UQELURQV"
Change component parameters. Clean all parameters for all variants
Change component parameters (AddParameter): Name = "ComponentLink1Description"; Value = "Datasheet"; VariantName = "[No Variations]"
Change component parameters (AddParameter): Name = "ComponentLink1URL"; Value = "E:\YandexDisk\!Projects\Datasheet\Забугор\Vishay\Резисторы CRCW.pdf"; VariantName = "[No Variations]"
Change component parameters (AddParameter): Name = "ComponentLink2Description"; Value = ""; VariantName = "[No Variations]"
Change component parameters (AddParameter): Name = "ComponentLink2URL"; Value = ""; VariantName = "[No Variations]"
Change component parameters (AddParameter): Name = "Family"; Value = "Резистор"; VariantName = "[No Variations]"
Change component parameters (AddParameter): Name = "Manufacturer"; Value = "Vishay"; VariantName = "[No Variations]"
Change component parameters (AddParameter): Name = "ManufacturerPartNumber"; Value = "CRCW06034K7JNEA"; VariantName = "[No Variations]"
Change component parameters (AddParameter): Name = "Part Number"; Value = "CRCW060310K0JNEA"; VariantName = "[No Variations]"
Change component parameters (AddParameter): Name = "Power/Voltage"; Value = "0.1Вт"; VariantName = "[No Variations]"
Change component parameters (AddParameter): Name = "Rem"; Value = ""; VariantName = "[No Variations]"
Change component parameters (AddParameter): Name = "Supplier 1"; Value = "Digi-Key"; VariantName = "[No Variations]"
Change component parameters (AddParameter): Name = "Supplier Part Number 1"; Value = "541-10KGCT-ND"; VariantName = "[No Variations]"
Change component parameters (AddParameter): Name = "Temperature"; Value = "-55...+155"; VariantName = "[No Variations]"
Change component parameters (AddParameter): Name = "TKE"; Value = ""; VariantName = "[No Variations]"
Change component parameters (AddParameter): Name = "Tolerance"; Value = "5%"; VariantName = "[No Variations]"
Change component parameters (AddParameter): Name = "Value"; Value = "10кОм"; VariantName = "[No Variations]"
Change component parameters (AddParameter): Name = "Voltage"; Value = "75В"; VariantName = "[No Variations]"
Change component parameters (AddParameter): Name = "Корпус"; Value = "R0603"; VariantName = "[No Variations]"
Change component parameters (AddParameter): Name = "Примечание"; Value = ""; VariantName = "[No Variations]"
Change component parameters: Designator = "ZQ1"; Footprint = "HC-49SM"; UniqueID = "\TYJLSJEK"
Change component parameters. Clean all parameters for all variants
Change component parameters (AddParameter): Name = "ComponentLink1Description"; Value = "Datasheet"; VariantName = "[No Variations]"
Change component parameters (AddParameter): Name = "ComponentLink1URL"; Value = "E:\YandexDisk\!Projects\Datasheet\Забугор\Резонаторы\Multicomp.pdf"; VariantName = "[No Variations]"
Change component parameters (AddParameter): Name = "ComponentLink2Description"; Value = "Чип и дип"; VariantName = "[No Variations]"
Change component parameters (AddParameter): Name = "ComponentLink2URL"; Value = "https://www.chipdip.ru/product/16mhz-hc-49sm"; VariantName = "[No Variations]"
Change component parameters (AddParameter): Name = "Family"; Value = "Резонатор"; VariantName = "[No Variations]"
Change component parameters (AddParameter): Name = "Manufacturer"; Value = "Multicomp"; VariantName = "[No Variations]"
Change component parameters (AddParameter): Name = "ManufacturerPartNumber"; Value = "HC49SM-16-30-50-60-16-ATF"; VariantName = "[No Variations]"
Change component parameters (AddParameter): Name = "Part Number"; Value = ""; VariantName = "[No Variations]"
Change component parameters (AddParameter): Name = "Power/Voltage"; Value = ""; VariantName = "[No Variations]"
Change component parameters (AddParameter): Name = "Rem"; Value = ""; VariantName = "[No Variations]"
Change component parameters (AddParameter): Name = "Temperature"; Value = "-10...+60"; VariantName = "[No Variations]"
Change component parameters (AddParameter): Name = "TKE"; Value = ""; VariantName = "[No Variations]"
Change component parameters (AddParameter): Name = "Tolerance"; Value = ""; VariantName = "[No Variations]"
Change component parameters (AddParameter): Name = "Value"; Value = "HC-49SM 16 Мгц"; VariantName = "[No Variations]"
Change component parameters (AddParameter): Name = "Voltage"; Value = ""; VariantName = "[No Variations]"
Change component parameters (AddParameter): Name = "Корпус"; Value = "HC-49/SM"; VariantName = "[No Variations]"
Change component parameters (AddParameter): Name = "Примечание"; Value = ""; VariantName = "[No Variations]"
Added Component: Designator=X1(USB)
Add component. Clean all parameters for all variants
Add component (AddParameter): Name = "ComponentLink1Description"; Value = ""; VariantName = "[No Variations]"
Add component (AddParameter): Name = "ComponentLink1URL"; Value = ""; VariantName = "[No Variations]"
Add component (AddParameter): Name = "ComponentLink2Description"; Value = ""; VariantName = "[No Variations]"
Add component (AddParameter): Name = "ComponentLink2URL"; Value = ""; VariantName = "[No Variations]"
Add component (AddParameter): Name = "Family"; Value = "Вилка"; VariantName = "[No Variations]"
Add component (AddParameter): Name = "Manufacturer"; Value = ""; VariantName = "[No Variations]"
Add component (AddParameter): Name = "ManufacturerPartNumber"; Value = ""; VariantName = "[No Variations]"
Add component (AddParameter): Name = "Power/Voltage"; Value = ""; VariantName = "[No Variations]"
Add component (AddParameter): Name = "Rem"; Value = ""; VariantName = "[No Variations]"
Add component (AddParameter): Name = "Temp"; Value = ""; VariantName = "[No Variations]"
Add component (AddParameter): Name = "TKE"; Value = ""; VariantName = "[No Variations]"
Add component (AddParameter): Name = "Tolerance"; Value = ""; VariantName = "[No Variations]"
Add component (AddParameter): Name = "TU/GOST"; Value = ""; VariantName = "[No Variations]"
Add component (AddParameter): Name = "Umax"; Value = ""; VariantName = "[No Variations]"
Add component (AddParameter): Name = "Value"; Value = "USB"; VariantName = "[No Variations]"
Add component (AddParameter): Name = "Корпус"; Value = ""; VariantName = "[No Variations]"
Add component (AddParameter): Name = "Примечание"; Value = "USB вилка на печати"; VariantName = "[No Variations]"
Added Pin To Net: NetName=NetF1_2 Pin=X1-1
Added Pin To Net: NetName=D- Pin=X1-2
Added Pin To Net: NetName=D+ Pin=X1-3
Added Pin To Net: NetName=GND Pin=X1-4
Added Member To Class: ClassName=VisitCardScheme Member=Component X1 Вилка USB
