Change Component Designator: Old Designator=C1 New Designator=C?
Change Component Designator: Old Designator=C2 New Designator=C?
Change Component Designator: Old Designator=C3 New Designator=C?
Change Component Designator: Old Designator=C4 New Designator=C?
Change Component Designator: Old Designator=D1 New Designator=D?
Change Component Designator: Old Designator=F1 New Designator=F?
Change Component Designator: Old Designator=HL1 New Designator=HL?
Change Component Designator: Old Designator=HL2 New Designator=HL?
Change Component Designator: Old Designator=HL3 New Designator=HL?
Change Component Designator: Old Designator=HL4 New Designator=HL?
Change Component Designator: Old Designator=HL5 New Designator=HL?
Change Component Designator: Old Designator=HL6 New Designator=HL?
Change Component Designator: Old Designator=HL7 New Designator=HL?
Change Component Designator: Old Designator=HL8 New Designator=HL?
Change Component Designator: Old Designator=HL9 New Designator=HL?
Change Component Designator: Old Designator=HL10 New Designator=HL?
Change Component Designator: Old Designator=HL11 New Designator=HL?
Change Component Designator: Old Designator=HL12 New Designator=HL?
Change Component Designator: Old Designator=HL13 New Designator=HL?
Change Component Designator: Old Designator=HL14 New Designator=HL?
Change Component Designator: Old Designator=HL15 New Designator=HL?
Change Component Designator: Old Designator=HL16 New Designator=HL?
Change Component Designator: Old Designator=R1 New Designator=R?
Change Component Designator: Old Designator=R2 New Designator=R?
Change Component Designator: Old Designator=R3 New Designator=R?
Change Component Designator: Old Designator=R4 New Designator=R?
Change Component Designator: Old Designator=R5 New Designator=R?
Change Component Designator: Old Designator=R6 New Designator=R?
Change Component Designator: Old Designator=R7 New Designator=R?
Change Component Designator: Old Designator=R8 New Designator=R?
Change Component Designator: Old Designator=R9 New Designator=R?
Change Component Designator: Old Designator=R10 New Designator=R?
Change Component Designator: Old Designator=R11 New Designator=R?
Change Component Designator: Old Designator=R12 New Designator=R?
Change Component Designator: Old Designator=R13 New Designator=R?
Change Component Designator: Old Designator=R14 New Designator=R?
Change Component Designator: Old Designator=R15 New Designator=R?
Change Component Designator: Old Designator=R16 New Designator=R?
Change Component Designator: Old Designator=R17 New Designator=R?
Change Component Designator: Old Designator=R18 New Designator=R?
Change Component Designator: Old Designator=R19 New Designator=R?
Change Component Designator: Old Designator=R20 New Designator=R?
Change Component Designator: Old Designator=R21 New Designator=R?
Change Component Designator: Old Designator=VD1 New Designator=VD?
Change Component Designator: Old Designator=VD2 New Designator=VD?
Change Component Designator: Old Designator=X1 New Designator=X?
Change Component Designator: Old Designator=X1 New Designator=X?
Change Component Designator: Old Designator=X1 New Designator=X?
Change Component Designator: Old Designator=X1 New Designator=X?
Change Component Designator: Old Designator=X1 New Designator=X?
Change Component Designator: Old Designator=X2 New Designator=X?
Change Component Designator: Old Designator=X2 New Designator=X?
Change Component Designator: Old Designator=X2 New Designator=X?
Change Component Designator: Old Designator=X2 New Designator=X?
Change Component Designator: Old Designator=X2 New Designator=X?
Change Component Designator: Old Designator=X2 New Designator=X?
Change Component Designator: Old Designator=X2 New Designator=X?
Change Component Designator: Old Designator=ZQ1 New Designator=ZQ?
