Added Pin To Net: NetName=+5V Pin=C3-2
Added Pin To Net: NetName=+5V Pin=C4-1
Added Pin To Net: NetName=+5V Pin=D1-4
Added Pin To Net: NetName=+5V Pin=D1-6
Added Pin To Net: NetName=+5V Pin=D1-18
Added Pin To Net: NetName=+5V Pin=F1-1
Added Pin To Net: NetName=+5V Pin=R7-2
Added Pin To Net: NetName=+5V Pin=R16-2
Added Pin To Net: NetName=+5V Pin=X2-5
Added Net: Name=+5V
Added Pin To Net: NetName=Button1 Pin=D1-25
Added Pin To Net: NetName=Button1 Pin=R17-1
Added Net: Name=Button1
Added Pin To Net: NetName=Button2 Pin=D1-26
Added Pin To Net: NetName=Button2 Pin=R18-1
Added Net: Name=Button2
Added Pin To Net: NetName=Button3 Pin=D1-27
Added Pin To Net: NetName=Button3 Pin=R19-1
Added Net: Name=Button3
Added Pin To Net: NetName=Button4 Pin=D1-28
Added Pin To Net: NetName=Button4 Pin=R20-1
Added Net: Name=Button4
Added Pin To Net: NetName=CPU_D+ Pin=D1-23
Added Pin To Net: NetName=CPU_D+ Pin=R8-1
Added Net: Name=CPU_D+
Added Pin To Net: NetName=CPU_D- Pin=D1-24
Added Pin To Net: NetName=CPU_D- Pin=R15-1
Added Net: Name=CPU_D-
Added Pin To Net: NetName=D+ Pin=R8-2
Added Pin To Net: NetName=D+ Pin=VD1-1
Added Pin To Net: NetName=D+ Pin=X1-3
Added Net: Name=D+
Added Pin To Net: NetName=D- Pin=R15-2
Added Pin To Net: NetName=D- Pin=R16-1
Added Pin To Net: NetName=D- Pin=R21-2
Added Pin To Net: NetName=D- Pin=VD2-1
Added Pin To Net: NetName=D- Pin=X1-2
Added Net: Name=D-
Added Pin To Net: NetName=GND Pin=C1-1
Added Pin To Net: NetName=GND Pin=C2-1
Added Pin To Net: NetName=GND Pin=C3-1
Added Pin To Net: NetName=GND Pin=C4-2
Added Pin To Net: NetName=GND Pin=D1-3
Added Pin To Net: NetName=GND Pin=D1-5
Added Pin To Net: NetName=GND Pin=D1-21
Added Pin To Net: NetName=GND Pin=R1-2
Added Pin To Net: NetName=GND Pin=R2-2
Added Pin To Net: NetName=GND Pin=R3-2
Added Pin To Net: NetName=GND Pin=R4-2
Added Pin To Net: NetName=GND Pin=R5-2
Added Pin To Net: NetName=GND Pin=R6-2
Added Pin To Net: NetName=GND Pin=R9-2
Added Pin To Net: NetName=GND Pin=R10-2
Added Pin To Net: NetName=GND Pin=R11-2
Added Pin To Net: NetName=GND Pin=R12-2
Added Pin To Net: NetName=GND Pin=R13-2
Added Pin To Net: NetName=GND Pin=R14-2
Added Pin To Net: NetName=GND Pin=R21-1
Added Pin To Net: NetName=GND Pin=R22-2
Added Pin To Net: NetName=GND Pin=SB1-3
Added Pin To Net: NetName=GND Pin=SB1-4
Added Pin To Net: NetName=GND Pin=SB1-5
Added Pin To Net: NetName=GND Pin=SB2-3
Added Pin To Net: NetName=GND Pin=SB2-4
Added Pin To Net: NetName=GND Pin=SB2-5
Added Pin To Net: NetName=GND Pin=SB3-3
Added Pin To Net: NetName=GND Pin=SB3-4
Added Pin To Net: NetName=GND Pin=SB3-5
Added Pin To Net: NetName=GND Pin=SB4-3
Added Pin To Net: NetName=GND Pin=SB4-4
Added Pin To Net: NetName=GND Pin=SB4-5
Added Pin To Net: NetName=GND Pin=VD1-2
Added Pin To Net: NetName=GND Pin=VD2-2
Added Pin To Net: NetName=GND Pin=X1-4
Added Pin To Net: NetName=GND Pin=X2-6
Added Net: Name=GND
Added Pin To Net: NetName=LED1 Pin=D1-30
Added Pin To Net: NetName=LED1 Pin=HL1-1
Added Net: Name=LED1
Added Pin To Net: NetName=LED2 Pin=D1-31
Added Pin To Net: NetName=LED2 Pin=HL2-1
Added Net: Name=LED2
Added Pin To Net: NetName=LED3 Pin=D1-32
Added Pin To Net: NetName=LED3 Pin=HL3-1
Added Net: Name=LED3
Added Pin To Net: NetName=LED4 Pin=D1-1
Added Pin To Net: NetName=LED4 Pin=HL4-1
Added Net: Name=LED4
Added Pin To Net: NetName=LED5 Pin=D1-2
Added Pin To Net: NetName=LED5 Pin=HL5-1
Added Net: Name=LED5
Added Pin To Net: NetName=LED6 Pin=D1-9
Added Pin To Net: NetName=LED6 Pin=HL6-1
Added Net: Name=LED6
Added Pin To Net: NetName=LED7 Pin=D1-10
Added Pin To Net: NetName=LED7 Pin=HL7-1
Added Net: Name=LED7
Added Pin To Net: NetName=LED8 Pin=D1-11
Added Pin To Net: NetName=LED8 Pin=HL8-1
Added Net: Name=LED8
Added Pin To Net: NetName=LED9 Pin=D1-12
Added Pin To Net: NetName=LED9 Pin=HL9-1
Added Net: Name=LED9
Added Pin To Net: NetName=LED10 Pin=D1-13
Added Pin To Net: NetName=LED10 Pin=HL10-1
Added Net: Name=LED10
Added Pin To Net: NetName=LED11 Pin=D1-14
Added Pin To Net: NetName=LED11 Pin=HL11-1
Added Net: Name=LED11
Added Pin To Net: NetName=LED12 Pin=D1-22
Added Pin To Net: NetName=LED12 Pin=HL12-1
Added Net: Name=LED12
Added Pin To Net: NetName=LED13 Pin=D1-19
Added Pin To Net: NetName=LED13 Pin=HL13-1
Added Net: Name=LED13
Added Pin To Net: NetName=MISO Pin=D1-16
Added Pin To Net: NetName=MISO Pin=X2-2
Added Net: Name=MISO
Added Pin To Net: NetName=MOSI Pin=D1-15
Added Pin To Net: NetName=MOSI Pin=X2-1
Added Net: Name=MOSI
Added Pin To Net: NetName=NetF1_2 Pin=F1-2
Added Pin To Net: NetName=NetF1_2 Pin=X1-1
Added Net: Name=NetF1_2
Added Pin To Net: NetName=NetHL1_2 Pin=HL1-2
Added Pin To Net: NetName=NetHL1_2 Pin=R1-1
Added Net: Name=NetHL1_2
Added Pin To Net: NetName=NetHL2_2 Pin=HL2-2
Added Pin To Net: NetName=NetHL2_2 Pin=R2-1
Added Net: Name=NetHL2_2
Added Pin To Net: NetName=NetHL3_2 Pin=HL3-2
Added Pin To Net: NetName=NetHL3_2 Pin=R3-1
Added Net: Name=NetHL3_2
Added Pin To Net: NetName=NetHL4_2 Pin=HL4-2
Added Pin To Net: NetName=NetHL4_2 Pin=R4-1
Added Net: Name=NetHL4_2
Added Pin To Net: NetName=NetHL5_2 Pin=HL5-2
Added Pin To Net: NetName=NetHL5_2 Pin=R5-1
Added Net: Name=NetHL5_2
Added Pin To Net: NetName=NetHL6_2 Pin=HL6-2
Added Pin To Net: NetName=NetHL6_2 Pin=R6-1
Added Net: Name=NetHL6_2
Added Pin To Net: NetName=NetHL7_2 Pin=HL7-2
Added Pin To Net: NetName=NetHL7_2 Pin=R9-1
Added Net: Name=NetHL7_2
Added Pin To Net: NetName=NetHL8_2 Pin=HL8-2
Added Pin To Net: NetName=NetHL8_2 Pin=R10-1
Added Net: Name=NetHL8_2
Added Pin To Net: NetName=NetHL9_2 Pin=HL9-2
Added Pin To Net: NetName=NetHL9_2 Pin=R11-1
Added Net: Name=NetHL9_2
Added Pin To Net: NetName=NetHL10_2 Pin=HL10-2
Added Pin To Net: NetName=NetHL10_2 Pin=R12-1
Added Net: Name=NetHL10_2
Added Pin To Net: NetName=NetHL11_2 Pin=HL11-2
Added Pin To Net: NetName=NetHL11_2 Pin=R13-1
Added Net: Name=NetHL11_2
Added Pin To Net: NetName=NetHL12_2 Pin=HL12-2
Added Pin To Net: NetName=NetHL12_2 Pin=R14-1
Added Net: Name=NetHL12_2
Added Pin To Net: NetName=NetHL13_2 Pin=HL13-2
Added Pin To Net: NetName=NetHL13_2 Pin=R22-1
Added Net: Name=NetHL13_2
Added Pin To Net: NetName=NetR17_2 Pin=R17-2
Added Pin To Net: NetName=NetR17_2 Pin=SB1-1
Added Pin To Net: NetName=NetR17_2 Pin=SB1-2
Added Net: Name=NetR17_2
Added Pin To Net: NetName=NetR18_2 Pin=R18-2
Added Pin To Net: NetName=NetR18_2 Pin=SB2-1
Added Pin To Net: NetName=NetR18_2 Pin=SB2-2
Added Net: Name=NetR18_2
Added Pin To Net: NetName=NetR19_2 Pin=R19-2
Added Pin To Net: NetName=NetR19_2 Pin=SB3-1
Added Pin To Net: NetName=NetR19_2 Pin=SB3-2
Added Net: Name=NetR19_2
Added Pin To Net: NetName=NetR20_2 Pin=R20-2
Added Pin To Net: NetName=NetR20_2 Pin=SB4-1
Added Pin To Net: NetName=NetR20_2 Pin=SB4-2
Added Net: Name=NetR20_2
Added Pin To Net: NetName=Reset Pin=D1-29
Added Pin To Net: NetName=Reset Pin=R7-1
Added Pin To Net: NetName=Reset Pin=X2-4
Added Net: Name=Reset
Added Pin To Net: NetName=SCK Pin=D1-17
Added Pin To Net: NetName=SCK Pin=X2-3
Added Net: Name=SCK
Added Pin To Net: NetName=Xtal1 Pin=C2-2
Added Pin To Net: NetName=Xtal1 Pin=D1-8
Added Pin To Net: NetName=Xtal1 Pin=ZQ1-2
Added Net: Name=Xtal1
Added Pin To Net: NetName=Xtal2 Pin=C1-2
Added Pin To Net: NetName=Xtal2 Pin=D1-7
Added Pin To Net: NetName=Xtal2 Pin=ZQ1-1
Added Net: Name=Xtal2
Added Class: Name=VisitCardScheme
Added Room: Name=VisitCardScheme
